C:\Program Files\Microsoft Visual Studio\2022\Community\MSBuild\Microsoft\VC\v170\Microsoft.CppBuild.targets(531,5): warning MSB8028: 중간 디렉터리(x64\Debug\)에 다른 프로젝트(Project2.vcxproj)에서 공유하는 파일이 포함되어 있습니다.  이로 인해 잘못된 정리 및 다시 빌드 동작이 수행될 수 있습니다.
  scene2.cpp
C:\Users\이윤경\source\repos\vidio\Project2\scene2.cpp(412,82): warning C4244: '인수': 'double'에서 'float'(으)로 변환하면서 데이터가 손실될 수 있습니다.
C:\Users\이윤경\source\repos\vidio\Project2\scene2.cpp(632,14): warning C4244: '초기화 중': 'sf::Int32'에서 'float'(으)로 변환하면서 데이터가 손실될 수 있습니다.
C:\Users\이윤경\source\repos\vidio\Project2\scene2.cpp(645,14): warning C4244: '인수': 'int'에서 'float'(으)로 변환하면서 데이터가 손실될 수 있습니다.
C:\Users\이윤경\source\repos\vidio\Project2\scene2.cpp(648,23): warning C4244: '인수': 'int'에서 'float'(으)로 변환하면서 데이터가 손실될 수 있습니다.
C:\Users\이윤경\source\repos\vidio\Project2\scene2.cpp(696,20): warning C4244: '인수': 'int'에서 'float'(으)로 변환하면서 데이터가 손실될 수 있습니다.
C:\Users\이윤경\source\repos\vidio\Project2\scene2.cpp(699,29): warning C4244: '인수': 'int'에서 'float'(으)로 변환하면서 데이터가 손실될 수 있습니다.
C:\Users\이윤경\source\repos\vidio\Project2\scene2.cpp(747,17): warning C4244: '인수': 'int'에서 'float'(으)로 변환하면서 데이터가 손실될 수 있습니다.
C:\Users\이윤경\source\repos\vidio\Project2\scene2.cpp(750,26): warning C4244: '인수': 'int'에서 'float'(으)로 변환하면서 데이터가 손실될 수 있습니다.
C:\Users\이윤경\source\repos\vidio\Project2\scene2.cpp(799,23): warning C4244: '인수': 'int'에서 'float'(으)로 변환하면서 데이터가 손실될 수 있습니다.
C:\Users\이윤경\source\repos\vidio\Project2\scene2.cpp(802,32): warning C4244: '인수': 'int'에서 'float'(으)로 변환하면서 데이터가 손실될 수 있습니다.
C:\Users\이윤경\source\repos\vidio\Project2\scene2.cpp(865,77): warning C4244: '인수': 'T'에서 'T'(으)로 변환하면서 데이터가 손실될 수 있습니다.
          with
          [
              T=int
          ]
          and
          [
              T=float
          ]
C:\Users\이윤경\source\repos\vidio\Project2\scene2.cpp(865,64): warning C4244: '인수': 'T'에서 'T'(으)로 변환하면서 데이터가 손실될 수 있습니다.
          with
          [
              T=int
          ]
          and
          [
              T=float
          ]
C:\Users\이윤경\source\repos\vidio\Project2\scene2.cpp(868,77): warning C4244: '인수': 'T'에서 'T'(으)로 변환하면서 데이터가 손실될 수 있습니다.
          with
          [
              T=int
          ]
          and
          [
              T=float
          ]
C:\Users\이윤경\source\repos\vidio\Project2\scene2.cpp(868,64): warning C4244: '인수': 'T'에서 'T'(으)로 변환하면서 데이터가 손실될 수 있습니다.
          with
          [
              T=int
          ]
          and
          [
              T=float
          ]
C:\Users\이윤경\source\repos\vidio\Project2\scene2.cpp(876,76): warning C4244: '인수': 'T'에서 'T'(으)로 변환하면서 데이터가 손실될 수 있습니다.
          with
          [
              T=int
          ]
          and
          [
              T=float
          ]
C:\Users\이윤경\source\repos\vidio\Project2\scene2.cpp(876,63): warning C4244: '인수': 'T'에서 'T'(으)로 변환하면서 데이터가 손실될 수 있습니다.
          with
          [
              T=int
          ]
          and
          [
              T=float
          ]
C:\Users\이윤경\source\repos\vidio\Project2\scene2.cpp(879,76): warning C4244: '인수': 'T'에서 'T'(으)로 변환하면서 데이터가 손실될 수 있습니다.
          with
          [
              T=int
          ]
          and
          [
              T=float
          ]
C:\Users\이윤경\source\repos\vidio\Project2\scene2.cpp(879,63): warning C4244: '인수': 'T'에서 'T'(으)로 변환하면서 데이터가 손실될 수 있습니다.
          with
          [
              T=int
          ]
          and
          [
              T=float
          ]
  Project2.vcxproj -> C:\Users\이윤경\source\repos\vidio\x64\Debug\scene2.exe
